WARNING - 2024-01-11 12:30:58 --> [DEPRECATED] Creation of dynamic property App\Models\ProduitsModel::$forge is deprecated in APPPATH/Models/ProduitsModel.php on line 18.
 1 APPPATH/Controllers/ProduitsControleur.php(8): App\Models\ProduitsModel->__construct()
 2 SYSTEMPATH/CodeIgniter.php(919): App\Controllers\ProduitsControleur->index()
 3 SYSTEMPATH/CodeIgniter.php(494): CodeIgniter\CodeIgniter->runController(Object(App\Controllers\ProduitsControleur))
 4 SYSTEMPATH/CodeIgniter.php(353): CodeIgniter\CodeIgniter->handleRequest(null, Object(Config\Cache), false)
 5 FCPATH/index.php(79): CodeIgniter\CodeIgniter->run()
 6 SYSTEMPATH/Commands/Server/rewrite.php(47): require_once('/di/codeigniter/ct212569/codeigniter4-framework-844616e/public/index.php')
WARNING - 2024-01-11 12:31:10 --> [DEPRECATED] Creation of dynamic property App\Models\ProduitsModel::$forge is deprecated in APPPATH/Models/ProduitsModel.php on line 18.
 1 APPPATH/Controllers/ProduitsControleur.php(8): App\Models\ProduitsModel->__construct()
 2 SYSTEMPATH/CodeIgniter.php(919): App\Controllers\ProduitsControleur->index()
 3 SYSTEMPATH/CodeIgniter.php(494): CodeIgniter\CodeIgniter->runController(Object(App\Controllers\ProduitsControleur))
 4 SYSTEMPATH/CodeIgniter.php(353): CodeIgniter\CodeIgniter->handleRequest(null, Object(Config\Cache), false)
 5 FCPATH/index.php(79): CodeIgniter\CodeIgniter->run()
 6 SYSTEMPATH/Commands/Server/rewrite.php(47): require_once('/di/codeigniter/ct212569/codeigniter4-framework-844616e/public/index.php')
WARNING - 2024-01-11 12:47:34 --> [DEPRECATED] Creation of dynamic property App\Models\ProduitsModel::$forge is deprecated in APPPATH/Models/ProduitsModel.php on line 18.
 1 APPPATH/Controllers/ProduitsControleur.php(8): App\Models\ProduitsModel->__construct()
 2 SYSTEMPATH/CodeIgniter.php(919): App\Controllers\ProduitsControleur->index()
 3 SYSTEMPATH/CodeIgniter.php(494): CodeIgniter\CodeIgniter->runController(Object(App\Controllers\ProduitsControleur))
 4 SYSTEMPATH/CodeIgniter.php(353): CodeIgniter\CodeIgniter->handleRequest(null, Object(Config\Cache), false)
 5 FCPATH/index.php(79): CodeIgniter\CodeIgniter->run()
 6 SYSTEMPATH/Commands/Server/rewrite.php(47): require_once('/di/codeigniter/ct212569/codeigniter4-framework-844616e/public/index.php')
WARNING - 2024-01-11 12:47:49 --> [DEPRECATED] Creation of dynamic property App\Models\ProduitsModel::$forge is deprecated in APPPATH/Models/ProduitsModel.php on line 18.
 1 APPPATH/Controllers/ProduitsControleur.php(49): App\Models\ProduitsModel->__construct()
 2 SYSTEMPATH/CodeIgniter.php(919): App\Controllers\ProduitsControleur->supprimerProduit('vvvvb')
 3 SYSTEMPATH/CodeIgniter.php(494): CodeIgniter\CodeIgniter->runController(Object(App\Controllers\ProduitsControleur))
 4 SYSTEMPATH/CodeIgniter.php(353): CodeIgniter\CodeIgniter->handleRequest(null, Object(Config\Cache), false)
 5 FCPATH/index.php(79): CodeIgniter\CodeIgniter->run()
 6 SYSTEMPATH/Commands/Server/rewrite.php(47): require_once('/di/codeigniter/ct212569/codeigniter4-framework-844616e/public/index.php')
WARNING - 2024-01-11 12:47:49 --> [DEPRECATED] Creation of dynamic property App\Models\ProduitsModel::$forge is deprecated in APPPATH/Models/ProduitsModel.php on line 18.
 1 APPPATH/Controllers/ProduitsControleur.php(8): App\Models\ProduitsModel->__construct()
 2 SYSTEMPATH/CodeIgniter.php(919): App\Controllers\ProduitsControleur->index()
 3 SYSTEMPATH/CodeIgniter.php(494): CodeIgniter\CodeIgniter->runController(Object(App\Controllers\ProduitsControleur))
 4 SYSTEMPATH/CodeIgniter.php(353): CodeIgniter\CodeIgniter->handleRequest(null, Object(Config\Cache), false)
 5 FCPATH/index.php(79): CodeIgniter\CodeIgniter->run()
 6 SYSTEMPATH/Commands/Server/rewrite.php(47): require_once('/di/codeigniter/ct212569/codeigniter4-framework-844616e/public/index.php')
WARNING - 2024-01-11 12:47:56 --> [DEPRECATED] Creation of dynamic property App\Models\ProduitsModel::$forge is deprecated in APPPATH/Models/ProduitsModel.php on line 18.
 1 APPPATH/Controllers/ProduitsControleur.php(8): App\Models\ProduitsModel->__construct()
 2 SYSTEMPATH/CodeIgniter.php(919): App\Controllers\ProduitsControleur->index()
 3 SYSTEMPATH/CodeIgniter.php(494): CodeIgniter\CodeIgniter->runController(Object(App\Controllers\ProduitsControleur))
 4 SYSTEMPATH/CodeIgniter.php(353): CodeIgniter\CodeIgniter->handleRequest(null, Object(Config\Cache), false)
 5 FCPATH/index.php(79): CodeIgniter\CodeIgniter->run()
 6 SYSTEMPATH/Commands/Server/rewrite.php(47): require_once('/di/codeigniter/ct212569/codeigniter4-framework-844616e/public/index.php')
WARNING - 2024-01-11 12:55:52 --> [DEPRECATED] Creation of dynamic property App\Models\ProduitsModel::$forge is deprecated in APPPATH/Models/ProduitsModel.php on line 18.
 1 APPPATH/Controllers/ProduitsControleur.php(8): App\Models\ProduitsModel->__construct()
 2 SYSTEMPATH/CodeIgniter.php(919): App\Controllers\ProduitsControleur->index()
 3 SYSTEMPATH/CodeIgniter.php(494): CodeIgniter\CodeIgniter->runController(Object(App\Controllers\ProduitsControleur))
 4 SYSTEMPATH/CodeIgniter.php(353): CodeIgniter\CodeIgniter->handleRequest(null, Object(Config\Cache), false)
 5 FCPATH/index.php(79): CodeIgniter\CodeIgniter->run()
 6 SYSTEMPATH/Commands/Server/rewrite.php(47): require_once('/di/codeigniter/ct212569/codeigniter4-framework-844616e/public/index.php')
WARNING - 2024-01-11 12:56:00 --> [DEPRECATED] Creation of dynamic property App\Models\ProduitsModel::$forge is deprecated in APPPATH/Models/ProduitsModel.php on line 18.
 1 APPPATH/Controllers/ProduitsControleur.php(8): App\Models\ProduitsModel->__construct()
 2 SYSTEMPATH/CodeIgniter.php(919): App\Controllers\ProduitsControleur->index('modifier', 'KIlo')
 3 SYSTEMPATH/CodeIgniter.php(494): CodeIgniter\CodeIgniter->runController(Object(App\Controllers\ProduitsControleur))
 4 SYSTEMPATH/CodeIgniter.php(353): CodeIgniter\CodeIgniter->handleRequest(null, Object(Config\Cache), false)
 5 FCPATH/index.php(79): CodeIgniter\CodeIgniter->run()
 6 SYSTEMPATH/Commands/Server/rewrite.php(47): require_once('/di/codeigniter/ct212569/codeigniter4-framework-844616e/public/index.php')
WARNING - 2024-01-11 12:56:03 --> [DEPRECATED] Creation of dynamic property App\Models\ProduitsModel::$forge is deprecated in APPPATH/Models/ProduitsModel.php on line 18.
 1 APPPATH/Controllers/ProduitsControleur.php(8): App\Models\ProduitsModel->__construct()
 2 SYSTEMPATH/CodeIgniter.php(919): App\Controllers\ProduitsControleur->index()
 3 SYSTEMPATH/CodeIgniter.php(494): CodeIgniter\CodeIgniter->runController(Object(App\Controllers\ProduitsControleur))
 4 SYSTEMPATH/CodeIgniter.php(353): CodeIgniter\CodeIgniter->handleRequest(null, Object(Config\Cache), false)
 5 FCPATH/index.php(79): CodeIgniter\CodeIgniter->run()
 6 SYSTEMPATH/Commands/Server/rewrite.php(47): require_once('/di/codeigniter/ct212569/codeigniter4-framework-844616e/public/index.php')
WARNING - 2024-01-11 12:56:38 --> [DEPRECATED] Creation of dynamic property App\Models\ProduitsModel::$forge is deprecated in APPPATH/Models/ProduitsModel.php on line 18.
 1 APPPATH/Controllers/ProduitsControleur.php(8): App\Models\ProduitsModel->__construct()
 2 SYSTEMPATH/CodeIgniter.php(919): App\Controllers\ProduitsControleur->index()
 3 SYSTEMPATH/CodeIgniter.php(494): CodeIgniter\CodeIgniter->runController(Object(App\Controllers\ProduitsControleur))
 4 SYSTEMPATH/CodeIgniter.php(353): CodeIgniter\CodeIgniter->handleRequest(null, Object(Config\Cache), false)
 5 FCPATH/index.php(79): CodeIgniter\CodeIgniter->run()
 6 SYSTEMPATH/Commands/Server/rewrite.php(47): require_once('/di/codeigniter/ct212569/codeigniter4-framework-844616e/public/index.php')
WARNING - 2024-01-11 12:56:42 --> [DEPRECATED] Creation of dynamic property App\Models\ProduitsModel::$forge is deprecated in APPPATH/Models/ProduitsModel.php on line 18.
 1 APPPATH/Controllers/ProduitsControleur.php(56): App\Models\ProduitsModel->__construct()
 2 SYSTEMPATH/CodeIgniter.php(919): App\Controllers\ProduitsControleur->modifierProduit('KIlo')
 3 SYSTEMPATH/CodeIgniter.php(494): CodeIgniter\CodeIgniter->runController(Object(App\Controllers\ProduitsControleur))
 4 SYSTEMPATH/CodeIgniter.php(353): CodeIgniter\CodeIgniter->handleRequest(null, Object(Config\Cache), false)
 5 FCPATH/index.php(79): CodeIgniter\CodeIgniter->run()
 6 SYSTEMPATH/Commands/Server/rewrite.php(47): require_once('/di/codeigniter/ct212569/codeigniter4-framework-844616e/public/index.php')
WARNING - 2024-01-11 12:58:31 --> [DEPRECATED] Creation of dynamic property App\Models\ProduitsModel::$forge is deprecated in APPPATH/Models/ProduitsModel.php on line 18.
 1 APPPATH/Controllers/ProduitsControleur.php(63): App\Models\ProduitsModel->__construct()
 2 SYSTEMPATH/CodeIgniter.php(919): App\Controllers\ProduitsControleur->modifierTraitement()
 3 SYSTEMPATH/CodeIgniter.php(494): CodeIgniter\CodeIgniter->runController(Object(App\Controllers\ProduitsControleur))
 4 SYSTEMPATH/CodeIgniter.php(353): CodeIgniter\CodeIgniter->handleRequest(null, Object(Config\Cache), false)
 5 FCPATH/index.php(79): CodeIgniter\CodeIgniter->run()
 6 SYSTEMPATH/Commands/Server/rewrite.php(47): require_once('/di/codeigniter/ct212569/codeigniter4-framework-844616e/public/index.php')
WARNING - 2024-01-11 12:58:31 --> [DEPRECATED] Creation of dynamic property App\Models\ProduitsModel::$forge is deprecated in APPPATH/Models/ProduitsModel.php on line 18.
 1 APPPATH/Controllers/ProduitsControleur.php(8): App\Models\ProduitsModel->__construct()
 2 SYSTEMPATH/CodeIgniter.php(919): App\Controllers\ProduitsControleur->index()
 3 SYSTEMPATH/CodeIgniter.php(494): CodeIgniter\CodeIgniter->runController(Object(App\Controllers\ProduitsControleur))
 4 SYSTEMPATH/CodeIgniter.php(353): CodeIgniter\CodeIgniter->handleRequest(null, Object(Config\Cache), false)
 5 FCPATH/index.php(79): CodeIgniter\CodeIgniter->run()
 6 SYSTEMPATH/Commands/Server/rewrite.php(47): require_once('/di/codeigniter/ct212569/codeigniter4-framework-844616e/public/index.php')
WARNING - 2024-01-11 12:58:38 --> [DEPRECATED] Creation of dynamic property App\Models\ProduitsModel::$forge is deprecated in APPPATH/Models/ProduitsModel.php on line 18.
 1 APPPATH/Controllers/ProduitsControleur.php(56): App\Models\ProduitsModel->__construct()
 2 SYSTEMPATH/CodeIgniter.php(919): App\Controllers\ProduitsControleur->modifierProduit('KIlo')
 3 SYSTEMPATH/CodeIgniter.php(494): CodeIgniter\CodeIgniter->runController(Object(App\Controllers\ProduitsControleur))
 4 SYSTEMPATH/CodeIgniter.php(353): CodeIgniter\CodeIgniter->handleRequest(null, Object(Config\Cache), false)
 5 FCPATH/index.php(79): CodeIgniter\CodeIgniter->run()
 6 SYSTEMPATH/Commands/Server/rewrite.php(47): require_once('/di/codeigniter/ct212569/codeigniter4-framework-844616e/public/index.php')
WARNING - 2024-01-11 12:58:47 --> [DEPRECATED] Creation of dynamic property App\Models\ProduitsModel::$forge is deprecated in APPPATH/Models/ProduitsModel.php on line 18.
 1 APPPATH/Controllers/ProduitsControleur.php(63): App\Models\ProduitsModel->__construct()
 2 SYSTEMPATH/CodeIgniter.php(919): App\Controllers\ProduitsControleur->modifierTraitement()
 3 SYSTEMPATH/CodeIgniter.php(494): CodeIgniter\CodeIgniter->runController(Object(App\Controllers\ProduitsControleur))
 4 SYSTEMPATH/CodeIgniter.php(353): CodeIgniter\CodeIgniter->handleRequest(null, Object(Config\Cache), false)
 5 FCPATH/index.php(79): CodeIgniter\CodeIgniter->run()
 6 SYSTEMPATH/Commands/Server/rewrite.php(47): require_once('/di/codeigniter/ct212569/codeigniter4-framework-844616e/public/index.php')
WARNING - 2024-01-11 12:58:47 --> [DEPRECATED] Creation of dynamic property App\Models\ProduitsModel::$forge is deprecated in APPPATH/Models/ProduitsModel.php on line 18.
 1 APPPATH/Controllers/ProduitsControleur.php(8): App\Models\ProduitsModel->__construct()
 2 SYSTEMPATH/CodeIgniter.php(919): App\Controllers\ProduitsControleur->index()
 3 SYSTEMPATH/CodeIgniter.php(494): CodeIgniter\CodeIgniter->runController(Object(App\Controllers\ProduitsControleur))
 4 SYSTEMPATH/CodeIgniter.php(353): CodeIgniter\CodeIgniter->handleRequest(null, Object(Config\Cache), false)
 5 FCPATH/index.php(79): CodeIgniter\CodeIgniter->run()
 6 SYSTEMPATH/Commands/Server/rewrite.php(47): require_once('/di/codeigniter/ct212569/codeigniter4-framework-844616e/public/index.php')
WARNING - 2024-01-11 12:58:49 --> [DEPRECATED] Creation of dynamic property App\Models\ProduitsModel::$forge is deprecated in APPPATH/Models/ProduitsModel.php on line 18.
 1 APPPATH/Controllers/ProduitsControleur.php(8): App\Models\ProduitsModel->__construct()
 2 SYSTEMPATH/CodeIgniter.php(919): App\Controllers\ProduitsControleur->index()
 3 SYSTEMPATH/CodeIgniter.php(494): CodeIgniter\CodeIgniter->runController(Object(App\Controllers\ProduitsControleur))
 4 SYSTEMPATH/CodeIgniter.php(353): CodeIgniter\CodeIgniter->handleRequest(null, Object(Config\Cache), false)
 5 FCPATH/index.php(79): CodeIgniter\CodeIgniter->run()
 6 SYSTEMPATH/Commands/Server/rewrite.php(47): require_once('/di/codeigniter/ct212569/codeigniter4-framework-844616e/public/index.php')
WARNING - 2024-01-11 13:01:43 --> [DEPRECATED] Creation of dynamic property App\Models\ProduitsModel::$forge is deprecated in APPPATH/Models/ProduitsModel.php on line 18.
 1 APPPATH/Controllers/ProduitsControleur.php(8): App\Models\ProduitsModel->__construct()
 2 SYSTEMPATH/CodeIgniter.php(919): App\Controllers\ProduitsControleur->index()
 3 SYSTEMPATH/CodeIgniter.php(494): CodeIgniter\CodeIgniter->runController(Object(App\Controllers\ProduitsControleur))
 4 SYSTEMPATH/CodeIgniter.php(353): CodeIgniter\CodeIgniter->handleRequest(null, Object(Config\Cache), false)
 5 FCPATH/index.php(79): CodeIgniter\CodeIgniter->run()
 6 SYSTEMPATH/Commands/Server/rewrite.php(47): require_once('/di/codeigniter/ct212569/codeigniter4-framework-844616e/public/index.php')
WARNING - 2024-01-11 13:01:48 --> [DEPRECATED] Creation of dynamic property App\Models\ProduitsModel::$forge is deprecated in APPPATH/Models/ProduitsModel.php on line 18.
 1 APPPATH/Controllers/ProduitsControleur.php(8): App\Models\ProduitsModel->__construct()
 2 SYSTEMPATH/CodeIgniter.php(919): App\Controllers\ProduitsControleur->index()
 3 SYSTEMPATH/CodeIgniter.php(494): CodeIgniter\CodeIgniter->runController(Object(App\Controllers\ProduitsControleur))
 4 SYSTEMPATH/CodeIgniter.php(353): CodeIgniter\CodeIgniter->handleRequest(null, Object(Config\Cache), false)
 5 FCPATH/index.php(79): CodeIgniter\CodeIgniter->run()
 6 SYSTEMPATH/Commands/Server/rewrite.php(47): require_once('/di/codeigniter/ct212569/codeigniter4-framework-844616e/public/index.php')
WARNING - 2024-01-11 13:01:50 --> [DEPRECATED] Creation of dynamic property App\Models\ProduitsModel::$forge is deprecated in APPPATH/Models/ProduitsModel.php on line 18.
 1 APPPATH/Controllers/ProduitsControleur.php(56): App\Models\ProduitsModel->__construct()
 2 SYSTEMPATH/CodeIgniter.php(919): App\Controllers\ProduitsControleur->modifierProduit('ff')
 3 SYSTEMPATH/CodeIgniter.php(494): CodeIgniter\CodeIgniter->runController(Object(App\Controllers\ProduitsControleur))
 4 SYSTEMPATH/CodeIgniter.php(353): CodeIgniter\CodeIgniter->handleRequest(null, Object(Config\Cache), false)
 5 FCPATH/index.php(79): CodeIgniter\CodeIgniter->run()
 6 SYSTEMPATH/Commands/Server/rewrite.php(47): require_once('/di/codeigniter/ct212569/codeigniter4-framework-844616e/public/index.php')
WARNING - 2024-01-11 13:02:06 --> [DEPRECATED] Creation of dynamic property App\Models\ProduitsModel::$forge is deprecated in APPPATH/Models/ProduitsModel.php on line 18.
 1 APPPATH/Controllers/ProduitsControleur.php(56): App\Models\ProduitsModel->__construct()
 2 SYSTEMPATH/CodeIgniter.php(919): App\Controllers\ProduitsControleur->modifierProduit('ff')
 3 SYSTEMPATH/CodeIgniter.php(494): CodeIgniter\CodeIgniter->runController(Object(App\Controllers\ProduitsControleur))
 4 SYSTEMPATH/CodeIgniter.php(353): CodeIgniter\CodeIgniter->handleRequest(null, Object(Config\Cache), false)
 5 FCPATH/index.php(79): CodeIgniter\CodeIgniter->run()
 6 SYSTEMPATH/Commands/Server/rewrite.php(47): require_once('/di/codeigniter/ct212569/codeigniter4-framework-844616e/public/index.php')
WARNING - 2024-01-11 13:02:13 --> [DEPRECATED] Creation of dynamic property App\Models\ProduitsModel::$forge is deprecated in APPPATH/Models/ProduitsModel.php on line 18.
 1 APPPATH/Controllers/ProduitsControleur.php(56): App\Models\ProduitsModel->__construct()
 2 SYSTEMPATH/CodeIgniter.php(919): App\Controllers\ProduitsControleur->modifierProduit('ff')
 3 SYSTEMPATH/CodeIgniter.php(494): CodeIgniter\CodeIgniter->runController(Object(App\Controllers\ProduitsControleur))
 4 SYSTEMPATH/CodeIgniter.php(353): CodeIgniter\CodeIgniter->handleRequest(null, Object(Config\Cache), false)
 5 FCPATH/index.php(79): CodeIgniter\CodeIgniter->run()
 6 SYSTEMPATH/Commands/Server/rewrite.php(47): require_once('/di/codeigniter/ct212569/codeigniter4-framework-844616e/public/index.php')
WARNING - 2024-01-11 13:03:03 --> [DEPRECATED] Creation of dynamic property App\Models\ProduitsModel::$forge is deprecated in APPPATH/Models/ProduitsModel.php on line 18.
 1 APPPATH/Controllers/ProduitsControleur.php(56): App\Models\ProduitsModel->__construct()
 2 SYSTEMPATH/CodeIgniter.php(919): App\Controllers\ProduitsControleur->modifierProduit('ff')
 3 SYSTEMPATH/CodeIgniter.php(494): CodeIgniter\CodeIgniter->runController(Object(App\Controllers\ProduitsControleur))
 4 SYSTEMPATH/CodeIgniter.php(353): CodeIgniter\CodeIgniter->handleRequest(null, Object(Config\Cache), false)
 5 FCPATH/index.php(79): CodeIgniter\CodeIgniter->run()
 6 SYSTEMPATH/Commands/Server/rewrite.php(47): require_once('/di/codeigniter/ct212569/codeigniter4-framework-844616e/public/index.php')
WARNING - 2024-01-11 13:03:16 --> [DEPRECATED] Creation of dynamic property App\Models\ProduitsModel::$forge is deprecated in APPPATH/Models/ProduitsModel.php on line 18.
 1 APPPATH/Controllers/ProduitsControleur.php(63): App\Models\ProduitsModel->__construct()
 2 SYSTEMPATH/CodeIgniter.php(919): App\Controllers\ProduitsControleur->modifierTraitement()
 3 SYSTEMPATH/CodeIgniter.php(494): CodeIgniter\CodeIgniter->runController(Object(App\Controllers\ProduitsControleur))
 4 SYSTEMPATH/CodeIgniter.php(353): CodeIgniter\CodeIgniter->handleRequest(null, Object(Config\Cache), false)
 5 FCPATH/index.php(79): CodeIgniter\CodeIgniter->run()
 6 SYSTEMPATH/Commands/Server/rewrite.php(47): require_once('/di/codeigniter/ct212569/codeigniter4-framework-844616e/public/index.php')
WARNING - 2024-01-11 13:03:16 --> [DEPRECATED] Creation of dynamic property App\Models\ProduitsModel::$forge is deprecated in APPPATH/Models/ProduitsModel.php on line 18.
 1 APPPATH/Controllers/ProduitsControleur.php(8): App\Models\ProduitsModel->__construct()
 2 SYSTEMPATH/CodeIgniter.php(919): App\Controllers\ProduitsControleur->index()
 3 SYSTEMPATH/CodeIgniter.php(494): CodeIgniter\CodeIgniter->runController(Object(App\Controllers\ProduitsControleur))
 4 SYSTEMPATH/CodeIgniter.php(353): CodeIgniter\CodeIgniter->handleRequest(null, Object(Config\Cache), false)
 5 FCPATH/index.php(79): CodeIgniter\CodeIgniter->run()
 6 SYSTEMPATH/Commands/Server/rewrite.php(47): require_once('/di/codeigniter/ct212569/codeigniter4-framework-844616e/public/index.php')
WARNING - 2024-01-11 13:03:36 --> [DEPRECATED] Creation of dynamic property App\Models\ProduitsModel::$forge is deprecated in APPPATH/Models/ProduitsModel.php on line 18.
 1 APPPATH/Controllers/ProduitsControleur.php(56): App\Models\ProduitsModel->__construct()
 2 SYSTEMPATH/CodeIgniter.php(919): App\Controllers\ProduitsControleur->modifierProduit('KIlo')
 3 SYSTEMPATH/CodeIgniter.php(494): CodeIgniter\CodeIgniter->runController(Object(App\Controllers\ProduitsControleur))
 4 SYSTEMPATH/CodeIgniter.php(353): CodeIgniter\CodeIgniter->handleRequest(null, Object(Config\Cache), false)
 5 FCPATH/index.php(79): CodeIgniter\CodeIgniter->run()
 6 SYSTEMPATH/Commands/Server/rewrite.php(47): require_once('/di/codeigniter/ct212569/codeigniter4-framework-844616e/public/index.php')
WARNING - 2024-01-11 13:03:45 --> [DEPRECATED] Creation of dynamic property App\Models\ProduitsModel::$forge is deprecated in APPPATH/Models/ProduitsModel.php on line 18.
 1 APPPATH/Controllers/ProduitsControleur.php(63): App\Models\ProduitsModel->__construct()
 2 SYSTEMPATH/CodeIgniter.php(919): App\Controllers\ProduitsControleur->modifierTraitement()
 3 SYSTEMPATH/CodeIgniter.php(494): CodeIgniter\CodeIgniter->runController(Object(App\Controllers\ProduitsControleur))
 4 SYSTEMPATH/CodeIgniter.php(353): CodeIgniter\CodeIgniter->handleRequest(null, Object(Config\Cache), false)
 5 FCPATH/index.php(79): CodeIgniter\CodeIgniter->run()
 6 SYSTEMPATH/Commands/Server/rewrite.php(47): require_once('/di/codeigniter/ct212569/codeigniter4-framework-844616e/public/index.php')
WARNING - 2024-01-11 13:03:45 --> [DEPRECATED] Creation of dynamic property App\Models\ProduitsModel::$forge is deprecated in APPPATH/Models/ProduitsModel.php on line 18.
 1 APPPATH/Controllers/ProduitsControleur.php(8): App\Models\ProduitsModel->__construct()
 2 SYSTEMPATH/CodeIgniter.php(919): App\Controllers\ProduitsControleur->index()
 3 SYSTEMPATH/CodeIgniter.php(494): CodeIgniter\CodeIgniter->runController(Object(App\Controllers\ProduitsControleur))
 4 SYSTEMPATH/CodeIgniter.php(353): CodeIgniter\CodeIgniter->handleRequest(null, Object(Config\Cache), false)
 5 FCPATH/index.php(79): CodeIgniter\CodeIgniter->run()
 6 SYSTEMPATH/Commands/Server/rewrite.php(47): require_once('/di/codeigniter/ct212569/codeigniter4-framework-844616e/public/index.php')
WARNING - 2024-01-11 13:03:52 --> [DEPRECATED] Creation of dynamic property App\Models\ProduitsModel::$forge is deprecated in APPPATH/Models/ProduitsModel.php on line 18.
 1 APPPATH/Controllers/ProduitsControleur.php(49): App\Models\ProduitsModel->__construct()
 2 SYSTEMPATH/CodeIgniter.php(919): App\Controllers\ProduitsControleur->supprimerProduit('KIlo')
 3 SYSTEMPATH/CodeIgniter.php(494): CodeIgniter\CodeIgniter->runController(Object(App\Controllers\ProduitsControleur))
 4 SYSTEMPATH/CodeIgniter.php(353): CodeIgniter\CodeIgniter->handleRequest(null, Object(Config\Cache), false)
 5 FCPATH/index.php(79): CodeIgniter\CodeIgniter->run()
 6 SYSTEMPATH/Commands/Server/rewrite.php(47): require_once('/di/codeigniter/ct212569/codeigniter4-framework-844616e/public/index.php')
WARNING - 2024-01-11 13:03:52 --> [DEPRECATED] Creation of dynamic property App\Models\ProduitsModel::$forge is deprecated in APPPATH/Models/ProduitsModel.php on line 18.
 1 APPPATH/Controllers/ProduitsControleur.php(8): App\Models\ProduitsModel->__construct()
 2 SYSTEMPATH/CodeIgniter.php(919): App\Controllers\ProduitsControleur->index()
 3 SYSTEMPATH/CodeIgniter.php(494): CodeIgniter\CodeIgniter->runController(Object(App\Controllers\ProduitsControleur))
 4 SYSTEMPATH/CodeIgniter.php(353): CodeIgniter\CodeIgniter->handleRequest(null, Object(Config\Cache), false)
 5 FCPATH/index.php(79): CodeIgniter\CodeIgniter->run()
 6 SYSTEMPATH/Commands/Server/rewrite.php(47): require_once('/di/codeigniter/ct212569/codeigniter4-framework-844616e/public/index.php')
WARNING - 2024-01-11 13:03:58 --> [DEPRECATED] Creation of dynamic property App\Models\ProduitsModel::$forge is deprecated in APPPATH/Models/ProduitsModel.php on line 18.
 1 APPPATH/Controllers/ProduitsControleur.php(56): App\Models\ProduitsModel->__construct()
 2 SYSTEMPATH/CodeIgniter.php(919): App\Controllers\ProduitsControleur->modifierProduit('vvv')
 3 SYSTEMPATH/CodeIgniter.php(494): CodeIgniter\CodeIgniter->runController(Object(App\Controllers\ProduitsControleur))
 4 SYSTEMPATH/CodeIgniter.php(353): CodeIgniter\CodeIgniter->handleRequest(null, Object(Config\Cache), false)
 5 FCPATH/index.php(79): CodeIgniter\CodeIgniter->run()
 6 SYSTEMPATH/Commands/Server/rewrite.php(47): require_once('/di/codeigniter/ct212569/codeigniter4-framework-844616e/public/index.php')
WARNING - 2024-01-11 13:04:02 --> [DEPRECATED] Creation of dynamic property App\Models\ProduitsModel::$forge is deprecated in APPPATH/Models/ProduitsModel.php on line 18.
 1 APPPATH/Controllers/ProduitsControleur.php(63): App\Models\ProduitsModel->__construct()
 2 SYSTEMPATH/CodeIgniter.php(919): App\Controllers\ProduitsControleur->modifierTraitement()
 3 SYSTEMPATH/CodeIgniter.php(494): CodeIgniter\CodeIgniter->runController(Object(App\Controllers\ProduitsControleur))
 4 SYSTEMPATH/CodeIgniter.php(353): CodeIgniter\CodeIgniter->handleRequest(null, Object(Config\Cache), false)
 5 FCPATH/index.php(79): CodeIgniter\CodeIgniter->run()
 6 SYSTEMPATH/Commands/Server/rewrite.php(47): require_once('/di/codeigniter/ct212569/codeigniter4-framework-844616e/public/index.php')
WARNING - 2024-01-11 13:04:02 --> [DEPRECATED] Creation of dynamic property App\Models\ProduitsModel::$forge is deprecated in APPPATH/Models/ProduitsModel.php on line 18.
 1 APPPATH/Controllers/ProduitsControleur.php(8): App\Models\ProduitsModel->__construct()
 2 SYSTEMPATH/CodeIgniter.php(919): App\Controllers\ProduitsControleur->index()
 3 SYSTEMPATH/CodeIgniter.php(494): CodeIgniter\CodeIgniter->runController(Object(App\Controllers\ProduitsControleur))
 4 SYSTEMPATH/CodeIgniter.php(353): CodeIgniter\CodeIgniter->handleRequest(null, Object(Config\Cache), false)
 5 FCPATH/index.php(79): CodeIgniter\CodeIgniter->run()
 6 SYSTEMPATH/Commands/Server/rewrite.php(47): require_once('/di/codeigniter/ct212569/codeigniter4-framework-844616e/public/index.php')
WARNING - 2024-01-11 13:04:05 --> [DEPRECATED] Creation of dynamic property App\Models\ProduitsModel::$forge is deprecated in APPPATH/Models/ProduitsModel.php on line 18.
 1 APPPATH/Controllers/ProduitsControleur.php(49): App\Models\ProduitsModel->__construct()
 2 SYSTEMPATH/CodeIgniter.php(919): App\Controllers\ProduitsControleur->supprimerProduit('vvv')
 3 SYSTEMPATH/CodeIgniter.php(494): CodeIgniter\CodeIgniter->runController(Object(App\Controllers\ProduitsControleur))
 4 SYSTEMPATH/CodeIgniter.php(353): CodeIgniter\CodeIgniter->handleRequest(null, Object(Config\Cache), false)
 5 FCPATH/index.php(79): CodeIgniter\CodeIgniter->run()
 6 SYSTEMPATH/Commands/Server/rewrite.php(47): require_once('/di/codeigniter/ct212569/codeigniter4-framework-844616e/public/index.php')
WARNING - 2024-01-11 13:04:05 --> [DEPRECATED] Creation of dynamic property App\Models\ProduitsModel::$forge is deprecated in APPPATH/Models/ProduitsModel.php on line 18.
 1 APPPATH/Controllers/ProduitsControleur.php(8): App\Models\ProduitsModel->__construct()
 2 SYSTEMPATH/CodeIgniter.php(919): App\Controllers\ProduitsControleur->index()
 3 SYSTEMPATH/CodeIgniter.php(494): CodeIgniter\CodeIgniter->runController(Object(App\Controllers\ProduitsControleur))
 4 SYSTEMPATH/CodeIgniter.php(353): CodeIgniter\CodeIgniter->handleRequest(null, Object(Config\Cache), false)
 5 FCPATH/index.php(79): CodeIgniter\CodeIgniter->run()
 6 SYSTEMPATH/Commands/Server/rewrite.php(47): require_once('/di/codeigniter/ct212569/codeigniter4-framework-844616e/public/index.php')
WARNING - 2024-01-11 13:04:09 --> [DEPRECATED] Creation of dynamic property App\Models\ProduitsModel::$forge is deprecated in APPPATH/Models/ProduitsModel.php on line 18.
 1 APPPATH/Controllers/ProduitsControleur.php(8): App\Models\ProduitsModel->__construct()
 2 SYSTEMPATH/CodeIgniter.php(919): App\Controllers\ProduitsControleur->index()
 3 SYSTEMPATH/CodeIgniter.php(494): CodeIgniter\CodeIgniter->runController(Object(App\Controllers\ProduitsControleur))
 4 SYSTEMPATH/CodeIgniter.php(353): CodeIgniter\CodeIgniter->handleRequest(null, Object(Config\Cache), false)
 5 FCPATH/index.php(79): CodeIgniter\CodeIgniter->run()
 6 SYSTEMPATH/Commands/Server/rewrite.php(47): require_once('/di/codeigniter/ct212569/codeigniter4-framework-844616e/public/index.php')
WARNING - 2024-01-11 13:04:15 --> [DEPRECATED] Creation of dynamic property App\Models\ProduitsModel::$forge is deprecated in APPPATH/Models/ProduitsModel.php on line 18.
 1 APPPATH/Controllers/ProduitsControleur.php(28): App\Models\ProduitsModel->__construct()
 2 SYSTEMPATH/CodeIgniter.php(919): App\Controllers\ProduitsControleur->filtrerView()
 3 SYSTEMPATH/CodeIgniter.php(494): CodeIgniter\CodeIgniter->runController(Object(App\Controllers\ProduitsControleur))
 4 SYSTEMPATH/CodeIgniter.php(353): CodeIgniter\CodeIgniter->handleRequest(null, Object(Config\Cache), false)
 5 FCPATH/index.php(79): CodeIgniter\CodeIgniter->run()
 6 SYSTEMPATH/Commands/Server/rewrite.php(47): require_once('/di/codeigniter/ct212569/codeigniter4-framework-844616e/public/index.php')
WARNING - 2024-01-11 13:04:19 --> [DEPRECATED] Creation of dynamic property App\Models\ProduitsModel::$forge is deprecated in APPPATH/Models/ProduitsModel.php on line 18.
 1 APPPATH/Controllers/ProduitsControleur.php(8): App\Models\ProduitsModel->__construct()
 2 SYSTEMPATH/CodeIgniter.php(919): App\Controllers\ProduitsControleur->index()
 3 SYSTEMPATH/CodeIgniter.php(494): CodeIgniter\CodeIgniter->runController(Object(App\Controllers\ProduitsControleur))
 4 SYSTEMPATH/CodeIgniter.php(353): CodeIgniter\CodeIgniter->handleRequest(null, Object(Config\Cache), false)
 5 FCPATH/index.php(79): CodeIgniter\CodeIgniter->run()
 6 SYSTEMPATH/Commands/Server/rewrite.php(47): require_once('/di/codeigniter/ct212569/codeigniter4-framework-844616e/public/index.php')
WARNING - 2024-01-11 13:04:22 --> [DEPRECATED] Creation of dynamic property App\Models\ProduitsModel::$forge is deprecated in APPPATH/Models/ProduitsModel.php on line 18.
 1 APPPATH/Controllers/ProduitsControleur.php(28): App\Models\ProduitsModel->__construct()
 2 SYSTEMPATH/CodeIgniter.php(919): App\Controllers\ProduitsControleur->filtrerView()
 3 SYSTEMPATH/CodeIgniter.php(494): CodeIgniter\CodeIgniter->runController(Object(App\Controllers\ProduitsControleur))
 4 SYSTEMPATH/CodeIgniter.php(353): CodeIgniter\CodeIgniter->handleRequest(null, Object(Config\Cache), false)
 5 FCPATH/index.php(79): CodeIgniter\CodeIgniter->run()
 6 SYSTEMPATH/Commands/Server/rewrite.php(47): require_once('/di/codeigniter/ct212569/codeigniter4-framework-844616e/public/index.php')
WARNING - 2024-01-11 13:04:23 --> [DEPRECATED] Creation of dynamic property App\Models\ProduitsModel::$forge is deprecated in APPPATH/Models/ProduitsModel.php on line 18.
 1 APPPATH/Controllers/ProduitsControleur.php(8): App\Models\ProduitsModel->__construct()
 2 SYSTEMPATH/CodeIgniter.php(919): App\Controllers\ProduitsControleur->index('Détergeant')
 3 SYSTEMPATH/CodeIgniter.php(494): CodeIgniter\CodeIgniter->runController(Object(App\Controllers\ProduitsControleur))
 4 SYSTEMPATH/CodeIgniter.php(353): CodeIgniter\CodeIgniter->handleRequest(null, Object(Config\Cache), false)
 5 FCPATH/index.php(79): CodeIgniter\CodeIgniter->run()
 6 SYSTEMPATH/Commands/Server/rewrite.php(47): require_once('/di/codeigniter/ct212569/codeigniter4-framework-844616e/public/index.php')
WARNING - 2024-01-11 13:04:26 --> [DEPRECATED] Creation of dynamic property App\Models\ProduitsModel::$forge is deprecated in APPPATH/Models/ProduitsModel.php on line 18.
 1 APPPATH/Controllers/ProduitsControleur.php(28): App\Models\ProduitsModel->__construct()
 2 SYSTEMPATH/CodeIgniter.php(919): App\Controllers\ProduitsControleur->filtrerView()
 3 SYSTEMPATH/CodeIgniter.php(494): CodeIgniter\CodeIgniter->runController(Object(App\Controllers\ProduitsControleur))
 4 SYSTEMPATH/CodeIgniter.php(353): CodeIgniter\CodeIgniter->handleRequest(null, Object(Config\Cache), false)
 5 FCPATH/index.php(79): CodeIgniter\CodeIgniter->run()
 6 SYSTEMPATH/Commands/Server/rewrite.php(47): require_once('/di/codeigniter/ct212569/codeigniter4-framework-844616e/public/index.php')
WARNING - 2024-01-11 13:04:28 --> [DEPRECATED] Creation of dynamic property App\Models\ProduitsModel::$forge is deprecated in APPPATH/Models/ProduitsModel.php on line 18.
 1 APPPATH/Controllers/ProduitsControleur.php(8): App\Models\ProduitsModel->__construct()
 2 SYSTEMPATH/CodeIgniter.php(919): App\Controllers\ProduitsControleur->index('Troiskylos')
 3 SYSTEMPATH/CodeIgniter.php(494): CodeIgniter\CodeIgniter->runController(Object(App\Controllers\ProduitsControleur))
 4 SYSTEMPATH/CodeIgniter.php(353): CodeIgniter\CodeIgniter->handleRequest(null, Object(Config\Cache), false)
 5 FCPATH/index.php(79): CodeIgniter\CodeIgniter->run()
 6 SYSTEMPATH/Commands/Server/rewrite.php(47): require_once('/di/codeigniter/ct212569/codeigniter4-framework-844616e/public/index.php')
WARNING - 2024-01-11 13:04:34 --> [DEPRECATED] Creation of dynamic property App\Models\ProduitsModel::$forge is deprecated in APPPATH/Models/ProduitsModel.php on line 18.
 1 APPPATH/Controllers/ProduitsControleur.php(28): App\Models\ProduitsModel->__construct()
 2 SYSTEMPATH/CodeIgniter.php(919): App\Controllers\ProduitsControleur->filtrerView()
 3 SYSTEMPATH/CodeIgniter.php(494): CodeIgniter\CodeIgniter->runController(Object(App\Controllers\ProduitsControleur))
 4 SYSTEMPATH/CodeIgniter.php(353): CodeIgniter\CodeIgniter->handleRequest(null, Object(Config\Cache), false)
 5 FCPATH/index.php(79): CodeIgniter\CodeIgniter->run()
 6 SYSTEMPATH/Commands/Server/rewrite.php(47): require_once('/di/codeigniter/ct212569/codeigniter4-framework-844616e/public/index.php')
WARNING - 2024-01-11 13:04:38 --> [DEPRECATED] Creation of dynamic property App\Models\ProduitsModel::$forge is deprecated in APPPATH/Models/ProduitsModel.php on line 18.
 1 APPPATH/Controllers/ProduitsControleur.php(8): App\Models\ProduitsModel->__construct()
 2 SYSTEMPATH/CodeIgniter.php(919): App\Controllers\ProduitsControleur->index('Détergeant')
 3 SYSTEMPATH/CodeIgniter.php(494): CodeIgniter\CodeIgniter->runController(Object(App\Controllers\ProduitsControleur))
 4 SYSTEMPATH/CodeIgniter.php(353): CodeIgniter\CodeIgniter->handleRequest(null, Object(Config\Cache), false)
 5 FCPATH/index.php(79): CodeIgniter\CodeIgniter->run()
 6 SYSTEMPATH/Commands/Server/rewrite.php(47): require_once('/di/codeigniter/ct212569/codeigniter4-framework-844616e/public/index.php')
