CRITICAL - 2023-11-06 07:44:40 --> Undefined variable: routrs
in APPPATH/Config/Routes.php on line 9.
 1 APPPATH/Config/Routes.php(9): CodeIgniter\Debug\Exceptions->errorHandler()
 2 SYSTEMPATH/Router/RouteCollection.php(339): require('/di/codeigniter/ct212569/codeigniter4-framework-844616e/app/Config/Routes.php')
 3 SYSTEMPATH/CodeIgniter.php(787): CodeIgniter\Router\RouteCollection->loadRoutes()
 4 SYSTEMPATH/CodeIgniter.php(442): CodeIgniter\CodeIgniter->tryToRouteIt()
 5 SYSTEMPATH/CodeIgniter.php(353): CodeIgniter\CodeIgniter->handleRequest()
 6 FCPATH/index.php(79): CodeIgniter\CodeIgniter->run()
 7 SYSTEMPATH/Commands/Server/rewrite.php(47): require_once('/di/codeigniter/ct212569/codeigniter4-framework-844616e/public/index.php')
CRITICAL - 2023-11-06 07:44:52 --> Undefined variable: routrs
in APPPATH/Config/Routes.php on line 9.
 1 APPPATH/Config/Routes.php(9): CodeIgniter\Debug\Exceptions->errorHandler()
 2 SYSTEMPATH/Router/RouteCollection.php(339): require('/di/codeigniter/ct212569/codeigniter4-framework-844616e/app/Config/Routes.php')
 3 SYSTEMPATH/CodeIgniter.php(787): CodeIgniter\Router\RouteCollection->loadRoutes()
 4 SYSTEMPATH/CodeIgniter.php(442): CodeIgniter\CodeIgniter->tryToRouteIt()
 5 SYSTEMPATH/CodeIgniter.php(353): CodeIgniter\CodeIgniter->handleRequest()
 6 FCPATH/index.php(79): CodeIgniter\CodeIgniter->run()
 7 SYSTEMPATH/Commands/Server/rewrite.php(47): require_once('/di/codeigniter/ct212569/codeigniter4-framework-844616e/public/index.php')
CRITICAL - 2023-11-06 08:14:06 --> The namespace delimiter is a backslash (\), not a slash (/). Route handler: "\App\Controllers\Controlleur1/Test::index"
in SYSTEMPATH/Router/Router.php on line 477.
 1 SYSTEMPATH/Router/Router.php(477): CodeIgniter\Router\Exceptions\RouterException::forInvalidControllerName()
 2 SYSTEMPATH/Router/Router.php(184): CodeIgniter\Router\Router->checkRoutes()
 3 SYSTEMPATH/CodeIgniter.php(800): CodeIgniter\Router\Router->handle()
 4 SYSTEMPATH/CodeIgniter.php(442): CodeIgniter\CodeIgniter->tryToRouteIt()
 5 SYSTEMPATH/CodeIgniter.php(353): CodeIgniter\CodeIgniter->handleRequest()
 6 FCPATH/index.php(79): CodeIgniter\CodeIgniter->run()
 7 SYSTEMPATH/Commands/Server/rewrite.php(47): require_once('/di/codeigniter/ct212569/codeigniter4-framework-844616e/public/index.php')
CRITICAL - 2023-11-06 08:26:00 --> Invalid file: "common/haut.php"
in SYSTEMPATH/Exceptions/FrameworkException.php on line 39.
 1 SYSTEMPATH/View/View.php(214): CodeIgniter\Exceptions\FrameworkException::forInvalidFile()
 2 SYSTEMPATH/Common.php(1188): CodeIgniter\View\View->render()
 3 APPPATH/Controllers/PageB.php(8): view()
 4 SYSTEMPATH/CodeIgniter.php(919): App\Controllers\PageB->index()
 5 SYSTEMPATH/CodeIgniter.php(494): CodeIgniter\CodeIgniter->runController()
 6 SYSTEMPATH/CodeIgniter.php(353): CodeIgniter\CodeIgniter->handleRequest()
 7 FCPATH/index.php(79): CodeIgniter\CodeIgniter->run()
 8 SYSTEMPATH/Commands/Server/rewrite.php(47): require_once('/di/codeigniter/ct212569/codeigniter4-framework-844616e/public/index.php')
CRITICAL - 2023-11-06 08:26:20 --> Invalid file: "common/header.php"
in SYSTEMPATH/Exceptions/FrameworkException.php on line 39.
 1 SYSTEMPATH/View/View.php(214): CodeIgniter\Exceptions\FrameworkException::forInvalidFile()
 2 SYSTEMPATH/Common.php(1188): CodeIgniter\View\View->render()
 3 APPPATH/Controllers/PageB.php(8): view()
 4 SYSTEMPATH/CodeIgniter.php(919): App\Controllers\PageB->index()
 5 SYSTEMPATH/CodeIgniter.php(494): CodeIgniter\CodeIgniter->runController()
 6 SYSTEMPATH/CodeIgniter.php(353): CodeIgniter\CodeIgniter->handleRequest()
 7 FCPATH/index.php(79): CodeIgniter\CodeIgniter->run()
 8 SYSTEMPATH/Commands/Server/rewrite.php(47): require_once('/di/codeigniter/ct212569/codeigniter4-framework-844616e/public/index.php')
CRITICAL - 2023-11-06 08:26:30 --> Invalid file: "common/head.php"
in SYSTEMPATH/Exceptions/FrameworkException.php on line 39.
 1 SYSTEMPATH/View/View.php(214): CodeIgniter\Exceptions\FrameworkException::forInvalidFile()
 2 SYSTEMPATH/Common.php(1188): CodeIgniter\View\View->render()
 3 APPPATH/Controllers/PageB.php(8): view()
 4 SYSTEMPATH/CodeIgniter.php(919): App\Controllers\PageB->index()
 5 SYSTEMPATH/CodeIgniter.php(494): CodeIgniter\CodeIgniter->runController()
 6 SYSTEMPATH/CodeIgniter.php(353): CodeIgniter\CodeIgniter->handleRequest()
 7 FCPATH/index.php(79): CodeIgniter\CodeIgniter->run()
 8 SYSTEMPATH/Commands/Server/rewrite.php(47): require_once('/di/codeigniter/ct212569/codeigniter4-framework-844616e/public/index.php')
CRITICAL - 2023-11-06 08:36:26 --> Invalid file: "commun/haut.php"
in SYSTEMPATH/Exceptions/FrameworkException.php on line 39.
 1 SYSTEMPATH/View/View.php(214): CodeIgniter\Exceptions\FrameworkException::forInvalidFile()
 2 SYSTEMPATH/Common.php(1188): CodeIgniter\View\View->render()
 3 APPPATH/Controllers/PageC.php(11): view()
 4 SYSTEMPATH/CodeIgniter.php(919): App\Controllers\PageC->index()
 5 SYSTEMPATH/CodeIgniter.php(494): CodeIgniter\CodeIgniter->runController()
 6 SYSTEMPATH/CodeIgniter.php(353): CodeIgniter\CodeIgniter->handleRequest()
 7 FCPATH/index.php(79): CodeIgniter\CodeIgniter->run()
 8 SYSTEMPATH/Commands/Server/rewrite.php(47): require_once('/di/codeigniter/ct212569/codeigniter4-framework-844616e/public/index.php')
CRITICAL - 2023-11-06 08:36:47 --> Invalid file: "pageVueC.php"
in SYSTEMPATH/Exceptions/FrameworkException.php on line 39.
 1 SYSTEMPATH/View/View.php(214): CodeIgniter\Exceptions\FrameworkException::forInvalidFile()
 2 SYSTEMPATH/Common.php(1188): CodeIgniter\View\View->render()
 3 APPPATH/Controllers/PageC.php(12): view()
 4 SYSTEMPATH/CodeIgniter.php(919): App\Controllers\PageC->index()
 5 SYSTEMPATH/CodeIgniter.php(494): CodeIgniter\CodeIgniter->runController()
 6 SYSTEMPATH/CodeIgniter.php(353): CodeIgniter\CodeIgniter->handleRequest()
 7 FCPATH/index.php(79): CodeIgniter\CodeIgniter->run()
 8 SYSTEMPATH/Commands/Server/rewrite.php(47): require_once('/di/codeigniter/ct212569/codeigniter4-framework-844616e/public/index.php')
CRITICAL - 2023-11-06 08:36:49 --> Invalid file: "pageVueC.php"
in SYSTEMPATH/Exceptions/FrameworkException.php on line 39.
 1 SYSTEMPATH/View/View.php(214): CodeIgniter\Exceptions\FrameworkException::forInvalidFile()
 2 SYSTEMPATH/Common.php(1188): CodeIgniter\View\View->render()
 3 APPPATH/Controllers/PageC.php(12): view()
 4 SYSTEMPATH/CodeIgniter.php(919): App\Controllers\PageC->index()
 5 SYSTEMPATH/CodeIgniter.php(494): CodeIgniter\CodeIgniter->runController()
 6 SYSTEMPATH/CodeIgniter.php(353): CodeIgniter\CodeIgniter->handleRequest()
 7 FCPATH/index.php(79): CodeIgniter\CodeIgniter->run()
 8 SYSTEMPATH/Commands/Server/rewrite.php(47): require_once('/di/codeigniter/ct212569/codeigniter4-framework-844616e/public/index.php')
CRITICAL - 2023-11-06 08:40:52 --> Undefined variable: personne
in APPPATH/Views/pageVueC.php on line 1.
 1 APPPATH/Views/pageVueC.php(1): CodeIgniter\Debug\Exceptions->errorHandler()
 2 SYSTEMPATH/View/View.php(226): include('/di/codeigniter/ct212569/codeigniter4-framework-844616e/app/Views/pageVueC.php')
 3 SYSTEMPATH/View/View.php(229): CodeIgniter\View\View->CodeIgniter\View\{closure}()
 4 SYSTEMPATH/Common.php(1188): CodeIgniter\View\View->render()
 5 APPPATH/Controllers/PageD.php(10): view()
 6 SYSTEMPATH/CodeIgniter.php(919): App\Controllers\PageD->index()
 7 SYSTEMPATH/CodeIgniter.php(494): CodeIgniter\CodeIgniter->runController()
 8 SYSTEMPATH/CodeIgniter.php(353): CodeIgniter\CodeIgniter->handleRequest()
 9 FCPATH/index.php(79): CodeIgniter\CodeIgniter->run()
10 SYSTEMPATH/Commands/Server/rewrite.php(47): require_once('/di/codeigniter/ct212569/codeigniter4-framework-844616e/public/index.php')
CRITICAL - 2023-11-06 08:41:09 --> Undefined variable: personne
in APPPATH/Views/pageVueC.php on line 1.
 1 APPPATH/Views/pageVueC.php(1): CodeIgniter\Debug\Exceptions->errorHandler()
 2 SYSTEMPATH/View/View.php(226): include('/di/codeigniter/ct212569/codeigniter4-framework-844616e/app/Views/pageVueC.php')
 3 SYSTEMPATH/View/View.php(229): CodeIgniter\View\View->CodeIgniter\View\{closure}()
 4 SYSTEMPATH/Common.php(1188): CodeIgniter\View\View->render()
 5 APPPATH/Controllers/PageD.php(10): view()
 6 SYSTEMPATH/CodeIgniter.php(919): App\Controllers\PageD->index()
 7 SYSTEMPATH/CodeIgniter.php(494): CodeIgniter\CodeIgniter->runController()
 8 SYSTEMPATH/CodeIgniter.php(353): CodeIgniter\CodeIgniter->handleRequest()
 9 FCPATH/index.php(79): CodeIgniter\CodeIgniter->run()
10 SYSTEMPATH/Commands/Server/rewrite.php(47): require_once('/di/codeigniter/ct212569/codeigniter4-framework-844616e/public/index.php')
